2025-05-14 00:09:06.536 INFO  [main][PortalContextLoaderListener:114] JVM arguments: --add-opens=java.base/java.lang=ALL-UNNAMED --add-opens=java.base/java.lang.invoke=ALL-UNNAMED --add-opens=java.base/java.lang.reflect=ALL-UNNAMED --add-opens=java.base/java.net=ALL-UNNAMED --add-opens=java.base/sun.net.www.protocol.http=ALL-UNNAMED --add-opens=java.base/sun.net.www.protocol.https=ALL-UNNAMED --add-opens=java.base/sun.util.calendar=ALL-UNNAMED --add-opens=jdk.zipfs/jdk.nio.zipfs=ALL-UNNAMED --add-opens=java.base/java.lang=ALL-UNNAMED --add-opens=java.base/java.io=ALL-UNNAMED --add-opens=java.base/java.util=ALL-UNNAMED --add-opens=java.base/java.util.concurrent=ALL-UNNAMED --add-opens=java.rmi/sun.rmi.transport=ALL-UNNAMED -Djava.util.logging.config.file=/home/luolgx/liferay/liferay-portal/LifeStone/bundles/tomcat/conf/logging.properties -Djava.util.logging.manager=org.apache.juli.ClassLoaderLogManager -Djdk.tls.ephemeralDHKeySize=2048 -Djava.protocol.handler.pkgs=org.apache.catalina.webresources -Dorg.apache.catalina.security.SecurityListener.UMASK=0027 -Dfile.encoding=UTF-8 -Djava.net.preferIPv4Stack=true -Duser.timezone=GMT -Xms2560m -Xmx2560m -XX:MaxNewSize=1536m -XX:MaxMetaspaceSize=768m -XX:MetaspaceSize=768m -XX:NewSize=1536m -XX:SurvivorRatio=7 -Dignore.endorsed.dirs= -Dcatalina.base=/home/luolgx/liferay/liferay-portal/LifeStone/bundles/tomcat -Dcatalina.home=/home/luolgx/liferay/liferay-portal/LifeStone/bundles/tomcat -Djava.io.tmpdir=/home/luolgx/liferay/liferay-portal/LifeStone/bundles/tomcat/temp
2025-05-14 00:09:08.251 WARN  [SystemExecutorServiceUtil-1][DialectDetector:73] Liferay is configured to use Hypersonic as its database. Do NOT use Hypersonic in production. Hypersonic is an embedded database useful for development and demonstration purposes. The database settings can be changed in portal-ext.properties.
2025-05-14 00:09:08.252 INFO  [SystemExecutorServiceUtil-1][DialectDetector:134] Using dialect com.liferay.portal.dao.orm.hibernate.HSQLDialect for HSQL Database Engine 2.7
2025-05-14 00:09:09.219 INFO  [main][ModuleFrameworkImpl:1355] Starting initial bundles
2025-05-14 00:09:09.362 INFO  [main][InterpolationConfigurationPlugin:109] Configured directory for secrets: /home/luolgx/liferay/liferay-portal/LifeStone/bundles/osgi/configs
2025-05-14 00:09:09.668 INFO  [main][ModuleFrameworkImpl:1645] Started initial bundles
2025-05-14 00:09:09.668 INFO  [main][ModuleFrameworkImpl:1690] Starting dynamic bundles
2025-05-14 00:09:11.305 WARN  [Start Level: Equinox Container: 89642769-74b7-4f46-8cee-b4a1ca5b55da][SidecarManager:70] Liferay automatically starts a child process of Elasticsearch named sidecar for convenient development and demonstration purposes. Do NOT use sidecar in production. Refer to the documentation for details on the limitations of sidecar and instructions on configuring a remote Elasticsearch connection in the Control Panel.
2025-05-14 00:09:16.730 INFO  [main][ModuleFrameworkImpl:1713] Started dynamic bundles
2025-05-14 00:09:16.731 INFO  [main][ModuleFrameworkImpl:1720] Starting web bundles
2025-05-14 00:09:18.502 INFO  [main][ModuleFrameworkImpl:1774] Started web bundles
2025-05-14 00:09:18.503 INFO  [main][ModuleFrameworkImpl:283] Navigate to Control Panel > System > Gogo Shell and enter "lb" to see all bundles
2025-05-14 00:09:19.995 INFO  [main][StartupHelperUtil:100] There are no patches installed
2025-05-14 00:09:20.973 INFO  [main][AutoDeployDir:152] Auto deploy scanner started for /home/luolgx/liferay/liferay-portal/LifeStone/bundles/deploy
2025-05-14 00:09:25.163 INFO  [SystemExecutorServiceUtil-4][Sidecar:100] Sidecar Elasticsearch 7.17.26 liferay_sidecar started at 127.0.0.1:9201
2025-05-14 00:09:29.038 INFO  [fileinstall-directory-watcher][BaseAutoDeployListener:34] Copying themes for /home/luolgx/liferay/liferay-portal/LifeStone/bundles/tomcat/temp/20250514240928567LSNPZKEI/admin-theme.war
2025-05-14 00:09:29.745 INFO  [fileinstall-directory-watcher][BaseAutoDeployListener:41] Themes for /home/luolgx/liferay/liferay-portal/LifeStone/bundles/tomcat/temp/20250514240928567LSNPZKEI/admin-theme.war copied successfully
2025-05-14 00:09:31.606 INFO  [fileinstall-directory-watcher][BaseAutoDeployListener:34] Copying themes for /home/luolgx/liferay/liferay-portal/LifeStone/bundles/tomcat/temp/20250514240931584NMUFBHPN/classic-theme.war
2025-05-14 00:09:32.190 INFO  [fileinstall-directory-watcher][BaseAutoDeployListener:41] Themes for /home/luolgx/liferay/liferay-portal/LifeStone/bundles/tomcat/temp/20250514240931584NMUFBHPN/classic-theme.war copied successfully
2025-05-14 00:09:32.424 INFO  [fileinstall-directory-watcher][BaseAutoDeployListener:34] Copying themes for /home/luolgx/liferay/liferay-portal/LifeStone/bundles/tomcat/temp/20250514240932408UIXZIWSY/dialect-theme.war
2025-05-14 00:09:32.921 INFO  [fileinstall-directory-watcher][BaseAutoDeployListener:41] Themes for /home/luolgx/liferay/liferay-portal/LifeStone/bundles/tomcat/temp/20250514240932408UIXZIWSY/dialect-theme.war copied successfully
2025-05-14 00:09:34.100 INFO  [fileinstall-directory-watcher][BaseAutoDeployListener:34] Copying themes for /home/luolgx/liferay/liferay-portal/LifeStone/bundles/tomcat/temp/20250514240934082AGEBHIWW/minium-theme.war
2025-05-14 00:09:34.493 INFO  [fileinstall-directory-watcher][BaseAutoDeployListener:41] Themes for /home/luolgx/liferay/liferay-portal/LifeStone/bundles/tomcat/temp/20250514240934082AGEBHIWW/minium-theme.war copied successfully
2025-05-14 00:09:35.562 INFO  [fileinstall-directory-watcher][BaseAutoDeployListener:34] Copying themes for /home/luolgx/liferay/liferay-portal/LifeStone/bundles/tomcat/temp/20250514240935550DWHNFFFN/speedwell-theme.war
2025-05-14 00:09:35.894 INFO  [fileinstall-directory-watcher][BaseAutoDeployListener:41] Themes for /home/luolgx/liferay/liferay-portal/LifeStone/bundles/tomcat/temp/20250514240935550DWHNFFFN/speedwell-theme.war copied successfully
2025-05-14 00:39:56.443 INFO  [com.liferay.portal.kernel.deploy.auto.AutoDeployScanner][AutoDeployDir:212] Processing Reserva-1.0.0.jar
2025-05-14 00:40:05.040 INFO  [fileinstall-directory-watcher][BundleStartStopLogger:68] STARTED Reserva_1.0.0 [1392]
2025-05-14 00:42:09.666 INFO  [com.liferay.portal.kernel.deploy.auto.AutoDeployScanner][AutoDeployDir:212] Processing Reserva-1.0.0.jar
2025-05-14 00:42:15.444 INFO  [fileinstall-directory-watcher][BundleStartStopLogger:71] STOPPED Reserva_1.0.0 [1392]
2025-05-14 00:42:15.477 INFO  [Refresh Thread: Equinox Container: 89642769-74b7-4f46-8cee-b4a1ca5b55da][BundleStartStopLogger:68] STARTED Reserva_1.0.0 [1392]
2025-05-14 01:00:26.524 INFO  [com.liferay.portal.kernel.deploy.auto.AutoDeployScanner][AutoDeployDir:212] Processing Reserva-1.0.0.jar
2025-05-14 01:00:35.617 INFO  [fileinstall-directory-watcher][BundleStartStopLogger:71] STOPPED Reserva_1.0.0 [1392]
2025-05-14 01:00:35.651 INFO  [Refresh Thread: Equinox Container: 89642769-74b7-4f46-8cee-b4a1ca5b55da][BundleStartStopLogger:68] STARTED Reserva_1.0.0 [1392]
2025-05-14 01:06:54.370 INFO  [com.liferay.portal.kernel.deploy.auto.AutoDeployScanner][AutoDeployDir:212] Processing Reserva-1.0.0.jar
2025-05-14 01:07:00.982 INFO  [fileinstall-directory-watcher][BundleStartStopLogger:71] STOPPED Reserva_1.0.0 [1392]
2025-05-14 01:07:00.994 INFO  [Refresh Thread: Equinox Container: 89642769-74b7-4f46-8cee-b4a1ca5b55da][BundleStartStopLogger:68] STARTED Reserva_1.0.0 [1392]
