2025-05-07 20:00:17.946 INFO  [main][PortalContextLoaderListener:114] JVM arguments: --add-opens=java.base/java.lang=ALL-UNNAMED --add-opens=java.base/java.lang.invoke=ALL-UNNAMED --add-opens=java.base/java.lang.reflect=ALL-UNNAMED --add-opens=java.base/java.net=ALL-UNNAMED --add-opens=java.base/sun.net.www.protocol.http=ALL-UNNAMED --add-opens=java.base/sun.net.www.protocol.https=ALL-UNNAMED --add-opens=java.base/sun.util.calendar=ALL-UNNAMED --add-opens=jdk.zipfs/jdk.nio.zipfs=ALL-UNNAMED --add-opens=java.base/java.lang=ALL-UNNAMED --add-opens=java.base/java.io=ALL-UNNAMED --add-opens=java.base/java.util=ALL-UNNAMED --add-opens=java.base/java.util.concurrent=ALL-UNNAMED --add-opens=java.rmi/sun.rmi.transport=ALL-UNNAMED -Djava.util.logging.config.file=/home/luolgx/liferay/liferay-portal/LifeStone/bundles/tomcat/conf/logging.properties -Djava.util.logging.manager=org.apache.juli.ClassLoaderLogManager -Djdk.tls.ephemeralDHKeySize=2048 -Djava.protocol.handler.pkgs=org.apache.catalina.webresources -Dorg.apache.catalina.security.SecurityListener.UMASK=0027 -Dfile.encoding=UTF-8 -Djava.net.preferIPv4Stack=true -Duser.timezone=GMT -Xms2560m -Xmx2560m -XX:MaxNewSize=1536m -XX:MaxMetaspaceSize=768m -XX:MetaspaceSize=768m -XX:NewSize=1536m -XX:SurvivorRatio=7 -Dignore.endorsed.dirs= -Dcatalina.base=/home/luolgx/liferay/liferay-portal/LifeStone/bundles/tomcat -Dcatalina.home=/home/luolgx/liferay/liferay-portal/LifeStone/bundles/tomcat -Djava.io.tmpdir=/home/luolgx/liferay/liferay-portal/LifeStone/bundles/tomcat/temp
2025-05-07 20:00:27.615 WARN  [SystemExecutorServiceUtil-1][DialectDetector:73] Liferay is configured to use Hypersonic as its database. Do NOT use Hypersonic in production. Hypersonic is an embedded database useful for development and demonstration purposes. The database settings can be changed in portal-ext.properties.
2025-05-07 20:00:27.616 INFO  [SystemExecutorServiceUtil-1][DialectDetector:134] Using dialect com.liferay.portal.dao.orm.hibernate.HSQLDialect for HSQL Database Engine 2.7
2025-05-07 20:00:22.838 INFO  [main][ModuleFrameworkImpl:1355] Starting initial bundles
2025-05-07 20:00:24.175 INFO  [main][InterpolationConfigurationPlugin:109] Configured directory for secrets: /home/luolgx/liferay/liferay-portal/LifeStone/bundles/osgi/configs
2025-05-07 20:00:24.548 INFO  [main][ModuleFrameworkImpl:1645] Started initial bundles
2025-05-07 20:00:24.549 INFO  [main][ModuleFrameworkImpl:1690] Starting dynamic bundles
2025-05-07 20:00:26.955 WARN  [Start Level: Equinox Container: bef9aedb-f10b-4053-a30c-1f8303f5e4f6][SidecarManager:70] Liferay automatically starts a child process of Elasticsearch named sidecar for convenient development and demonstration purposes. Do NOT use sidecar in production. Refer to the documentation for details on the limitations of sidecar and instructions on configuring a remote Elasticsearch connection in the Control Panel.
2025-05-07 20:00:34.096 INFO  [main][ModuleFrameworkImpl:1713] Started dynamic bundles
2025-05-07 20:00:34.097 INFO  [main][ModuleFrameworkImpl:1720] Starting web bundles
2025-05-07 20:00:36.211 INFO  [main][ModuleFrameworkImpl:1774] Started web bundles
2025-05-07 20:00:36.212 INFO  [main][ModuleFrameworkImpl:283] Navigate to Control Panel > System > Gogo Shell and enter "lb" to see all bundles
2025-05-07 20:00:38.266 INFO  [main][StartupHelperUtil:100] There are no patches installed
2025-05-07 20:00:39.974 INFO  [main][AutoDeployDir:152] Auto deploy scanner started for /home/luolgx/liferay/liferay-portal/LifeStone/bundles/deploy
2025-05-07 20:00:47.260 INFO  [SystemExecutorServiceUtil-16][Sidecar:100] Sidecar Elasticsearch 7.17.26 liferay_sidecar started at 127.0.0.1:9201
2025-05-07 20:00:54.721 INFO  [fileinstall-directory-watcher][BaseAutoDeployListener:34] Copying themes for /home/luolgx/liferay/liferay-portal/LifeStone/bundles/tomcat/temp/20250507200054516IOYLZCTA/admin-theme.war
2025-05-07 20:00:55.725 INFO  [fileinstall-directory-watcher][BaseAutoDeployListener:41] Themes for /home/luolgx/liferay/liferay-portal/LifeStone/bundles/tomcat/temp/20250507200054516IOYLZCTA/admin-theme.war copied successfully
2025-05-07 20:00:58.332 INFO  [fileinstall-directory-watcher][BaseAutoDeployListener:34] Copying themes for /home/luolgx/liferay/liferay-portal/LifeStone/bundles/tomcat/temp/20250507200058313MLFJCNMO/classic-theme.war
2025-05-07 20:00:59.234 INFO  [fileinstall-directory-watcher][BaseAutoDeployListener:41] Themes for /home/luolgx/liferay/liferay-portal/LifeStone/bundles/tomcat/temp/20250507200058313MLFJCNMO/classic-theme.war copied successfully
2025-05-07 20:01:00.691 INFO  [fileinstall-directory-watcher][BaseAutoDeployListener:34] Copying themes for /home/luolgx/liferay/liferay-portal/LifeStone/bundles/tomcat/temp/20250507200100679BERNVXFU/dialect-theme.war
2025-05-07 20:01:01.263 INFO  [fileinstall-directory-watcher][BaseAutoDeployListener:41] Themes for /home/luolgx/liferay/liferay-portal/LifeStone/bundles/tomcat/temp/20250507200100679BERNVXFU/dialect-theme.war copied successfully
2025-05-07 20:01:02.192 INFO  [fileinstall-directory-watcher][BaseAutoDeployListener:34] Copying themes for /home/luolgx/liferay/liferay-portal/LifeStone/bundles/tomcat/temp/20250507200102183ASWVFSDX/minium-theme.war
2025-05-07 20:01:07.745 INFO  [fileinstall-directory-watcher][BaseAutoDeployListener:41] Themes for /home/luolgx/liferay/liferay-portal/LifeStone/bundles/tomcat/temp/20250507200102183ASWVFSDX/minium-theme.war copied successfully
2025-05-07 20:01:02.974 INFO  [fileinstall-directory-watcher][BaseAutoDeployListener:34] Copying themes for /home/luolgx/liferay/liferay-portal/LifeStone/bundles/tomcat/temp/20250507200102967OJBWBIXM/speedwell-theme.war
2025-05-07 20:01:03.282 INFO  [fileinstall-directory-watcher][BaseAutoDeployListener:41] Themes for /home/luolgx/liferay/liferay-portal/LifeStone/bundles/tomcat/temp/20250507200102967OJBWBIXM/speedwell-theme.war copied successfully
2025-05-07 20:01:40.756 WARN  [http-nio-8080-exec-8][code_jsp:163] {code="400", msg="A class com.liferay.portal.kernel.exception.PwdEncryptorException error occurred while processing your request", uri=/pt/c/portal/session_click}
2025-05-07 22:33:05.681 INFO  [main][PortalContextLoaderListener:114] JVM arguments: --add-opens=java.base/java.lang=ALL-UNNAMED --add-opens=java.base/java.lang.invoke=ALL-UNNAMED --add-opens=java.base/java.lang.reflect=ALL-UNNAMED --add-opens=java.base/java.net=ALL-UNNAMED --add-opens=java.base/sun.net.www.protocol.http=ALL-UNNAMED --add-opens=java.base/sun.net.www.protocol.https=ALL-UNNAMED --add-opens=java.base/sun.util.calendar=ALL-UNNAMED --add-opens=jdk.zipfs/jdk.nio.zipfs=ALL-UNNAMED --add-opens=java.base/java.lang=ALL-UNNAMED --add-opens=java.base/java.io=ALL-UNNAMED --add-opens=java.base/java.util=ALL-UNNAMED --add-opens=java.base/java.util.concurrent=ALL-UNNAMED --add-opens=java.rmi/sun.rmi.transport=ALL-UNNAMED -Djava.util.logging.config.file=/home/luolgx/liferay/liferay-portal/LifeStone/bundles/tomcat/conf/logging.properties -Djava.util.logging.manager=org.apache.juli.ClassLoaderLogManager -Djdk.tls.ephemeralDHKeySize=2048 -Djava.protocol.handler.pkgs=org.apache.catalina.webresources -Dorg.apache.catalina.security.SecurityListener.UMASK=0027 -Dfile.encoding=UTF-8 -Djava.net.preferIPv4Stack=true -Duser.timezone=GMT -Xms2560m -Xmx2560m -XX:MaxNewSize=1536m -XX:MaxMetaspaceSize=768m -XX:MetaspaceSize=768m -XX:NewSize=1536m -XX:SurvivorRatio=7 -Dignore.endorsed.dirs= -Dcatalina.base=/home/luolgx/liferay/liferay-portal/LifeStone/bundles/tomcat -Dcatalina.home=/home/luolgx/liferay/liferay-portal/LifeStone/bundles/tomcat -Djava.io.tmpdir=/home/luolgx/liferay/liferay-portal/LifeStone/bundles/tomcat/temp
2025-05-07 22:33:07.558 WARN  [SystemExecutorServiceUtil-1][DialectDetector:73] Liferay is configured to use Hypersonic as its database. Do NOT use Hypersonic in production. Hypersonic is an embedded database useful for development and demonstration purposes. The database settings can be changed in portal-ext.properties.
2025-05-07 22:33:07.560 INFO  [SystemExecutorServiceUtil-1][DialectDetector:134] Using dialect com.liferay.portal.dao.orm.hibernate.HSQLDialect for HSQL Database Engine 2.7
2025-05-07 22:33:08.731 INFO  [main][ModuleFrameworkImpl:1355] Starting initial bundles
2025-05-07 22:33:08.877 INFO  [main][InterpolationConfigurationPlugin:109] Configured directory for secrets: /home/luolgx/liferay/liferay-portal/LifeStone/bundles/osgi/configs
2025-05-07 22:33:09.137 INFO  [main][ModuleFrameworkImpl:1645] Started initial bundles
2025-05-07 22:33:09.138 INFO  [main][ModuleFrameworkImpl:1690] Starting dynamic bundles
2025-05-07 22:33:10.028 WARN  [Start Level: Equinox Container: af9632d2-25c8-4634-a5dd-4b7c4678bf2b][SidecarManager:70] Liferay automatically starts a child process of Elasticsearch named sidecar for convenient development and demonstration purposes. Do NOT use sidecar in production. Refer to the documentation for details on the limitations of sidecar and instructions on configuring a remote Elasticsearch connection in the Control Panel.
2025-05-07 22:33:14.734 INFO  [main][ModuleFrameworkImpl:1713] Started dynamic bundles
2025-05-07 22:33:14.735 INFO  [main][ModuleFrameworkImpl:1720] Starting web bundles
2025-05-07 22:33:15.705 INFO  [main][ModuleFrameworkImpl:1774] Started web bundles
2025-05-07 22:33:15.706 INFO  [main][ModuleFrameworkImpl:283] Navigate to Control Panel > System > Gogo Shell and enter "lb" to see all bundles
2025-05-07 22:33:16.741 INFO  [main][StartupHelperUtil:100] There are no patches installed
2025-05-07 22:33:17.910 INFO  [main][AutoDeployDir:152] Auto deploy scanner started for /home/luolgx/liferay/liferay-portal/LifeStone/bundles/deploy
2025-05-07 22:33:21.609 INFO  [SystemExecutorServiceUtil-4][Sidecar:100] Sidecar Elasticsearch 7.17.26 liferay_sidecar started at 127.0.0.1:9201
2025-05-07 22:33:24.843 INFO  [fileinstall-directory-watcher][BaseAutoDeployListener:34] Copying themes for /home/luolgx/liferay/liferay-portal/LifeStone/bundles/tomcat/temp/20250507223324757MPBDZAZS/admin-theme.war
2025-05-07 22:33:25.680 INFO  [fileinstall-directory-watcher][BaseAutoDeployListener:41] Themes for /home/luolgx/liferay/liferay-portal/LifeStone/bundles/tomcat/temp/20250507223324757MPBDZAZS/admin-theme.war copied successfully
2025-05-07 22:33:27.755 INFO  [fileinstall-directory-watcher][BaseAutoDeployListener:34] Copying themes for /home/luolgx/liferay/liferay-portal/LifeStone/bundles/tomcat/temp/20250507223327736URJJVGZL/classic-theme.war
2025-05-07 22:33:28.254 INFO  [fileinstall-directory-watcher][BaseAutoDeployListener:41] Themes for /home/luolgx/liferay/liferay-portal/LifeStone/bundles/tomcat/temp/20250507223327736URJJVGZL/classic-theme.war copied successfully
2025-05-07 22:33:29.344 INFO  [fileinstall-directory-watcher][BaseAutoDeployListener:34] Copying themes for /home/luolgx/liferay/liferay-portal/LifeStone/bundles/tomcat/temp/20250507223329331SEUJRDWC/dialect-theme.war
2025-05-07 22:33:29.746 INFO  [fileinstall-directory-watcher][BaseAutoDeployListener:41] Themes for /home/luolgx/liferay/liferay-portal/LifeStone/bundles/tomcat/temp/20250507223329331SEUJRDWC/dialect-theme.war copied successfully
2025-05-07 22:33:29.957 INFO  [fileinstall-directory-watcher][BaseAutoDeployListener:34] Copying themes for /home/luolgx/liferay/liferay-portal/LifeStone/bundles/tomcat/temp/20250507223329940KBEENUMT/minium-theme.war
2025-05-07 22:33:30.372 INFO  [fileinstall-directory-watcher][BaseAutoDeployListener:41] Themes for /home/luolgx/liferay/liferay-portal/LifeStone/bundles/tomcat/temp/20250507223329940KBEENUMT/minium-theme.war copied successfully
2025-05-07 22:33:31.360 INFO  [fileinstall-directory-watcher][BaseAutoDeployListener:34] Copying themes for /home/luolgx/liferay/liferay-portal/LifeStone/bundles/tomcat/temp/20250507223331348ZNPQSYGN/speedwell-theme.war
2025-05-07 22:33:31.680 INFO  [fileinstall-directory-watcher][BaseAutoDeployListener:41] Themes for /home/luolgx/liferay/liferay-portal/LifeStone/bundles/tomcat/temp/20250507223331348ZNPQSYGN/speedwell-theme.war copied successfully
2025-05-07 22:35:39.029 INFO  [com.liferay.portal.kernel.deploy.auto.AutoDeployScanner][AutoDeployDir:212] Processing quartos-1.0.0.jar
2025-05-07 22:35:40.031 INFO  [fileinstall-directory-watcher][BundleStartStopLogger:68] STARTED quartos_1.0.0 [1391]
